<?xml version="1.0" encoding="UTF-8"?>
<coverage generated="1576088556964" clover="3.2.0">
  <project timestamp="1576088556964" name="All files">
    <metrics statements="149" coveredstatements="144" conditionals="79" coveredconditionals="71" methods="58" coveredmethods="58" elements="286" coveredelements="273" complexity="0" loc="149" ncloc="149" packages="1" files="4" classes="4"/>
    <file name="config.js" path="C:\Users\ibber\Documents\3merge\purolator\lib\config.js">
      <metrics statements="5" coveredstatements="5" conditionals="2" coveredconditionals="1" methods="1" coveredmethods="1"/>
      <line num="1" count="2" type="stmt"/>
      <line num="3" count="2" type="stmt"/>
      <line num="5" count="2" type="stmt"/>
      <line num="28" count="2" type="stmt"/>
      <line num="29" count="6" type="stmt"/>
    </file>
    <file name="helpers.js" path="C:\Users\ibber\Documents\3merge\purolator\lib\helpers.js">
      <metrics statements="23" coveredstatements="22" conditionals="20" coveredconditionals="17" methods="12" coveredmethods="12"/>
      <line num="1" count="2" type="stmt"/>
      <line num="3" count="25" type="cond" truecount="2" falsecount="0"/>
      <line num="5" count="2" type="stmt"/>
      <line num="6" count="17" type="cond" truecount="2" falsecount="0"/>
      <line num="8" count="2" type="stmt"/>
      <line num="9" count="2" type="stmt"/>
      <line num="11" count="8" type="cond" truecount="4" falsecount="0"/>
      <line num="17" count="7" type="stmt"/>
      <line num="18" count="7" type="cond" truecount="2" falsecount="0"/>
      <line num="22" count="1" type="stmt"/>
      <line num="26" count="6" type="stmt"/>
      <line num="27" count="6" type="stmt"/>
      <line num="30" count="2" type="cond" truecount="0" falsecount="2"/>
      <line num="31" count="11" type="stmt"/>
      <line num="32" count="36" type="stmt"/>
      <line num="34" count="108" type="stmt"/>
      <line num="43" count="11" type="stmt"/>
      <line num="46" count="2" type="stmt"/>
      <line num="47" count="2" type="stmt"/>
      <line num="51" count="5" type="stmt"/>
      <line num="52" count="5" type="cond" truecount="1" falsecount="1"/>
      <line num="59" count="0" type="stmt"/>
      <line num="61" count="5" type="stmt"/>
    </file>
    <file name="index.js" path="C:\Users\ibber\Documents\3merge\purolator\lib\index.js">
      <metrics statements="36" coveredstatements="33" conditionals="11" coveredconditionals="10" methods="8" coveredmethods="8"/>
      <line num="1" count="1" type="stmt"/>
      <line num="2" count="1" type="stmt"/>
      <line num="3" count="1" type="stmt"/>
      <line num="9" count="1" type="stmt"/>
      <line num="10" count="1" type="stmt"/>
      <line num="14" count="1" type="stmt"/>
      <line num="15" count="1" type="stmt"/>
      <line num="16" count="1" type="stmt"/>
      <line num="23" count="5" type="stmt"/>
      <line num="24" count="5" type="stmt"/>
      <line num="26" count="5" type="stmt"/>
      <line num="27" count="5" type="stmt"/>
      <line num="29" count="5" type="cond" truecount="1" falsecount="1"/>
      <line num="30" count="0" type="stmt"/>
      <line num="31" count="0" type="stmt"/>
      <line num="32" count="0" type="stmt"/>
      <line num="37" count="1" type="stmt"/>
      <line num="41" count="1" type="stmt"/>
      <line num="45" count="3" type="cond" truecount="2" falsecount="0"/>
      <line num="46" count="3" type="stmt"/>
      <line num="51" count="3" type="cond" truecount="4" falsecount="0"/>
      <line num="54" count="7" type="stmt"/>
      <line num="59" count="5" type="stmt"/>
      <line num="60" count="5" type="stmt"/>
      <line num="72" count="5" type="stmt"/>
      <line num="73" count="5" type="stmt"/>
      <line num="74" count="5" type="stmt"/>
      <line num="75" count="5" type="stmt"/>
      <line num="76" count="5" type="stmt"/>
      <line num="80" count="5" type="stmt"/>
      <line num="81" count="5" type="stmt"/>
      <line num="83" count="5" type="stmt"/>
      <line num="88" count="5" type="stmt"/>
      <line num="97" count="5" type="stmt"/>
      <line num="103" count="5" type="stmt"/>
      <line num="112" count="1" type="stmt"/>
    </file>
    <file name="validate.js" path="C:\Users\ibber\Documents\3merge\purolator\lib\validate.js">
      <metrics statements="85" coveredstatements="84" conditionals="46" coveredconditionals="43" methods="37" coveredmethods="37"/>
      <line num="1" count="2" type="stmt"/>
      <line num="2" count="2" type="stmt"/>
      <line num="3" count="2" type="stmt"/>
      <line num="4" count="2" type="stmt"/>
      <line num="6" count="2" type="stmt"/>
      <line num="7" count="2" type="stmt"/>
      <line num="8" count="2" type="stmt"/>
      <line num="10" count="436" type="cond" truecount="2" falsecount="0"/>
      <line num="11" count="7901" type="stmt"/>
      <line num="12" count="109" type="stmt"/>
      <line num="13" count="2" type="stmt"/>
      <line num="14" count="632" type="cond" truecount="2" falsecount="0"/>
      <line num="16" count="2" type="stmt"/>
      <line num="17" count="288" type="stmt"/>
      <line num="18" count="288" type="cond" truecount="4" falsecount="0"/>
      <line num="19" count="247" type="stmt"/>
      <line num="21" count="288" type="stmt"/>
      <line num="23" count="878" type="stmt"/>
      <line num="33" count="38" type="stmt"/>
      <line num="36" count="383" type="stmt"/>
      <line num="37" count="329" type="cond" truecount="3" falsecount="0"/>
      <line num="38" count="329" type="stmt"/>
      <line num="40" count="329" type="cond" truecount="4" falsecount="0"/>
      <line num="41" count="67" type="cond" truecount="4" falsecount="0"/>
      <line num="42" count="3" type="stmt"/>
      <line num="44" count="64" type="cond" truecount="1" falsecount="1"/>
      <line num="51" count="0" type="stmt"/>
      <line num="55" count="64" type="stmt"/>
      <line num="58" count="2" type="stmt"/>
      <line num="59" count="63" type="stmt"/>
      <line num="63" count="2" type="stmt"/>
      <line num="64" count="103" type="stmt"/>
      <line num="66" count="2" type="stmt"/>
      <line num="86" count="19" type="stmt"/>
      <line num="89" count="2" type="stmt"/>
      <line num="90" count="342" type="stmt"/>
      <line num="92" count="7182" type="stmt"/>
      <line num="94" count="7182" type="cond" truecount="2" falsecount="0"/>
      <line num="95" count="63" type="stmt"/>
      <line num="97" count="7119" type="cond" truecount="2" falsecount="0"/>
      <line num="107" count="6" type="stmt"/>
      <line num="108" count="6" type="stmt"/>
      <line num="109" count="6" type="stmt"/>
      <line num="113" count="7" type="stmt"/>
      <line num="117" count="12" type="stmt"/>
      <line num="118" count="48" type="stmt"/>
      <line num="123" count="6" type="stmt"/>
      <line num="124" count="24" type="stmt"/>
      <line num="129" count="6" type="stmt"/>
      <line num="130" count="6" type="stmt"/>
      <line num="131" count="6" type="cond" truecount="1" falsecount="1"/>
      <line num="132" count="6" type="stmt"/>
      <line num="138" count="6" type="stmt"/>
      <line num="139" count="282" type="stmt"/>
      <line num="148" count="6" type="stmt"/>
      <line num="150" count="58" type="cond" truecount="2" falsecount="0"/>
      <line num="162" count="6" type="stmt"/>
      <line num="163" count="93" type="stmt"/>
      <line num="164" count="429" type="cond" truecount="2" falsecount="0"/>
      <line num="169" count="429" type="cond" truecount="2" falsecount="0"/>
      <line num="181" count="429" type="stmt"/>
      <line num="186" count="6" type="stmt"/>
      <line num="190" count="6" type="stmt"/>
      <line num="191" count="6" type="stmt"/>
      <line num="192" count="6" type="stmt"/>
      <line num="193" count="6" type="stmt"/>
      <line num="194" count="6" type="stmt"/>
      <line num="201" count="6" type="stmt"/>
      <line num="203" count="87" type="stmt"/>
      <line num="207" count="6" type="stmt"/>
      <line num="208" count="6" type="stmt"/>
      <line num="212" count="7" type="stmt"/>
      <line num="213" count="95" type="stmt"/>
      <line num="214" count="436" type="stmt"/>
      <line num="215" count="436" type="stmt"/>
      <line num="216" count="436" type="stmt"/>
      <line num="218" count="436" type="cond" truecount="2" falsecount="0"/>
      <line num="219" count="88" type="stmt"/>
      <line num="224" count="348" type="stmt"/>
      <line num="225" count="348" type="stmt"/>
      <line num="227" count="3" type="stmt"/>
      <line num="231" count="436" type="stmt"/>
      <line num="234" count="7" type="stmt"/>
      <line num="236" count="7" type="stmt"/>
      <line num="240" count="2" type="stmt"/>
    </file>
  </project>
</coverage>
