{"C:\\Users\\ibber\\Documents\\3merge\\purolator\\lib\\config.js": {"path":"C:\\Users\\ibber\\Documents\\3merge\\purolator\\lib\\config.js","statementMap":{"0":{"start":{"line":1,"column":13},"end":{"line":1,"column":28}},"1":{"start":{"line":3,"column":0},"end":{"line":3,"column":57}},"2":{"start":{"line":5,"column":0},"end":{"line":26,"column":2}},"3":{"start":{"line":28,"column":0},"end":{"line":34,"column":4}},"4":{"start":{"line":29,"column":2},"end":{"line":34,"column":3}}},"fnMap":{"0":{"name":"(anonymous_0)","decl":{"start":{"line":28,"column":18},"end":{"line":28,"column":19}},"loc":{"start":{"line":29,"column":2},"end":{"line":34,"column":3}},"line":29}},"branchMap":{"0":{"loc":{"start":{"line":31,"column":4},"end":{"line":33,"column":46}},"type":"cond-expr","locations":[{"start":{"line":32,"column":8},"end":{"line":32,"column":45}},{"start":{"line":33,"column":8},"end":{"line":33,"column":46}}],"line":31}},"s":{"0":2,"1":2,"2":2,"3":2,"4":6},"f":{"0":6},"b":{"0":[0,6]},"_coverageSchema":"43e27e138ebf9cfc5966b082cf9a028302ed4184","hash":"c38ff47f2de7a919755f01b976b7fbffb6cc7239"}
,"C:\\Users\\ibber\\Documents\\3merge\\purolator\\lib\\helpers.js": {"path":"C:\\Users\\ibber\\Documents\\3merge\\purolator\\lib\\helpers.js","statementMap":{"0":{"start":{"line":1,"column":12},"end":{"line":1,"column":33}},"1":{"start":{"line":3,"column":17},"end":{"line":3,"column":50}},"2":{"start":{"line":3,"column":24},"end":{"line":3,"column":50}},"3":{"start":{"line":5,"column":20},"end":{"line":6,"column":36}},"4":{"start":{"line":6,"column":2},"end":{"line":6,"column":36}},"5":{"start":{"line":8,"column":20},"end":{"line":15,"column":3}},"6":{"start":{"line":9,"column":2},"end":{"line":15,"column":3}},"7":{"start":{"line":11,"column":6},"end":{"line":13,"column":14}},"8":{"start":{"line":17,"column":0},"end":{"line":28,"column":2}},"9":{"start":{"line":17,"column":42},"end":{"line":28,"column":1}},"10":{"start":{"line":18,"column":2},"end":{"line":24,"column":6}},"11":{"start":{"line":22,"column":4},"end":{"line":24,"column":6}},"12":{"start":{"line":26,"column":13},"end":{"line":26,"column":31}},"13":{"start":{"line":27,"column":2},"end":{"line":27,"column":21}},"14":{"start":{"line":30,"column":0},"end":{"line":44,"column":2}},"15":{"start":{"line":31,"column":27},"end":{"line":41,"column":5}},"16":{"start":{"line":32,"column":4},"end":{"line":41,"column":5}},"17":{"start":{"line":34,"column":8},"end":{"line":39,"column":10}},"18":{"start":{"line":43,"column":2},"end":{"line":43,"column":31}},"19":{"start":{"line":46,"column":0},"end":{"line":49,"column":4}},"20":{"start":{"line":47,"column":2},"end":{"line":49,"column":3}},"21":{"start":{"line":51,"column":0},"end":{"line":62,"column":2}},"22":{"start":{"line":51,"column":39},"end":{"line":62,"column":1}},"23":{"start":{"line":52,"column":2},"end":{"line":59,"column":46}},"24":{"start":{"line":59,"column":4},"end":{"line":59,"column":46}},"25":{"start":{"line":61,"column":2},"end":{"line":61,"column":46}}},"fnMap":{"0":{"name":"(anonymous_0)","decl":{"start":{"line":3,"column":17},"end":{"line":3,"column":18}},"loc":{"start":{"line":3,"column":24},"end":{"line":3,"column":50}},"line":3},"1":{"name":"(anonymous_1)","decl":{"start":{"line":5,"column":20},"end":{"line":5,"column":21}},"loc":{"start":{"line":6,"column":2},"end":{"line":6,"column":36}},"line":6},"2":{"name":"(anonymous_2)","decl":{"start":{"line":8,"column":20},"end":{"line":8,"column":21}},"loc":{"start":{"line":9,"column":2},"end":{"line":15,"column":3}},"line":9},"3":{"name":"(anonymous_3)","decl":{"start":{"line":10,"column":4},"end":{"line":10,"column":5}},"loc":{"start":{"line":11,"column":6},"end":{"line":13,"column":14}},"line":11},"4":{"name":"(anonymous_4)","decl":{"start":{"line":17,"column":17},"end":{"line":17,"column":18}},"loc":{"start":{"line":17,"column":42},"end":{"line":28,"column":1}},"line":17},"5":{"name":"(anonymous_5)","decl":{"start":{"line":17,"column":42},"end":{"line":17,"column":43}},"loc":{"start":{"line":17,"column":54},"end":{"line":28,"column":1}},"line":17},"6":{"name":"(anonymous_6)","decl":{"start":{"line":30,"column":17},"end":{"line":30,"column":18}},"loc":{"start":{"line":30,"column":49},"end":{"line":44,"column":1}},"line":30},"7":{"name":"(anonymous_7)","decl":{"start":{"line":31,"column":27},"end":{"line":31,"column":28}},"loc":{"start":{"line":32,"column":4},"end":{"line":41,"column":5}},"line":32},"8":{"name":"(anonymous_8)","decl":{"start":{"line":33,"column":6},"end":{"line":33,"column":7}},"loc":{"start":{"line":34,"column":8},"end":{"line":39,"column":10}},"line":34},"9":{"name":"(anonymous_9)","decl":{"start":{"line":46,"column":19},"end":{"line":46,"column":20}},"loc":{"start":{"line":47,"column":2},"end":{"line":49,"column":3}},"line":47},"10":{"name":"(anonymous_10)","decl":{"start":{"line":51,"column":22},"end":{"line":51,"column":23}},"loc":{"start":{"line":51,"column":39},"end":{"line":62,"column":1}},"line":51},"11":{"name":"(anonymous_11)","decl":{"start":{"line":51,"column":39},"end":{"line":51,"column":40}},"loc":{"start":{"line":51,"column":55},"end":{"line":62,"column":1}},"line":51}},"branchMap":{"0":{"loc":{"start":{"line":3,"column":24},"end":{"line":3,"column":50}},"type":"binary-expr","locations":[{"start":{"line":3,"column":24},"end":{"line":3,"column":25}},{"start":{"line":3,"column":29},"end":{"line":3,"column":50}}],"line":3},"1":{"loc":{"start":{"line":6,"column":2},"end":{"line":6,"column":36}},"type":"binary-expr","locations":[{"start":{"line":6,"column":2},"end":{"line":6,"column":18}},{"start":{"line":6,"column":22},"end":{"line":6,"column":36}}],"line":6},"2":{"loc":{"start":{"line":11,"column":6},"end":{"line":13,"column":14}},"type":"cond-expr","locations":[{"start":{"line":12,"column":10},"end":{"line":12,"column":22}},{"start":{"line":13,"column":10},"end":{"line":13,"column":14}}],"line":11},"3":{"loc":{"start":{"line":11,"column":6},"end":{"line":11,"column":40}},"type":"binary-expr","locations":[{"start":{"line":11,"column":6},"end":{"line":11,"column":22}},{"start":{"line":11,"column":26},"end":{"line":11,"column":40}}],"line":11},"4":{"loc":{"start":{"line":18,"column":2},"end":{"line":24,"column":6}},"type":"if","locations":[{"start":{"line":18,"column":2},"end":{"line":24,"column":6}},{"start":{"line":18,"column":2},"end":{"line":24,"column":6}}],"line":18},"5":{"loc":{"start":{"line":19,"column":4},"end":{"line":20,"column":44}},"type":"binary-expr","locations":[{"start":{"line":19,"column":4},"end":{"line":19,"column":36}},{"start":{"line":20,"column":4},"end":{"line":20,"column":44}}],"line":19},"6":{"loc":{"start":{"line":30,"column":18},"end":{"line":30,"column":26}},"type":"default-arg","locations":[{"start":{"line":30,"column":24},"end":{"line":30,"column":26}}],"line":30},"7":{"loc":{"start":{"line":30,"column":28},"end":{"line":30,"column":44}},"type":"default-arg","locations":[{"start":{"line":30,"column":42},"end":{"line":30,"column":44}}],"line":30},"8":{"loc":{"start":{"line":36,"column":12},"end":{"line":38,"column":21}},"type":"cond-expr","locations":[{"start":{"line":37,"column":16},"end":{"line":37,"column":39}},{"start":{"line":38,"column":16},"end":{"line":38,"column":21}}],"line":36},"9":{"loc":{"start":{"line":52,"column":2},"end":{"line":59,"column":46}},"type":"if","locations":[{"start":{"line":52,"column":2},"end":{"line":59,"column":46}},{"start":{"line":52,"column":2},"end":{"line":59,"column":46}}],"line":52},"10":{"loc":{"start":{"line":55,"column":6},"end":{"line":56,"column":59}},"type":"binary-expr","locations":[{"start":{"line":55,"column":6},"end":{"line":55,"column":27}},{"start":{"line":56,"column":8},"end":{"line":56,"column":59}}],"line":55}},"s":{"0":2,"1":2,"2":25,"3":2,"4":17,"5":2,"6":2,"7":8,"8":2,"9":7,"10":7,"11":1,"12":6,"13":6,"14":2,"15":11,"16":36,"17":108,"18":11,"19":2,"20":2,"21":2,"22":5,"23":5,"24":0,"25":5},"f":{"0":25,"1":17,"2":2,"3":8,"4":7,"5":7,"6":11,"7":36,"8":108,"9":2,"10":5,"11":5},"b":{"0":[25,25],"1":[17,17],"2":[2,6],"3":[8,8],"4":[1,6],"5":[7,6],"6":[0],"7":[0],"8":[25,83],"9":[0,5],"10":[5,5]},"_coverageSchema":"43e27e138ebf9cfc5966b082cf9a028302ed4184","hash":"8dc7575a24ae3961e9b433a81a912038a512a570"}
,"C:\\Users\\ibber\\Documents\\3merge\\purolator\\lib\\index.js": {"path":"C:\\Users\\ibber\\Documents\\3merge\\purolator\\lib\\index.js","statementMap":{"0":{"start":{"line":1,"column":13},"end":{"line":1,"column":28}},"1":{"start":{"line":2,"column":12},"end":{"line":2,"column":33}},"2":{"start":{"line":3,"column":15},"end":{"line":3,"column":34}},"3":{"start":{"line":9,"column":4},"end":{"line":9,"column":24}},"4":{"start":{"line":10,"column":22},"end":{"line":10,"column":43}},"5":{"start":{"line":14,"column":4},"end":{"line":14,"column":21}},"6":{"start":{"line":15,"column":4},"end":{"line":15,"column":27}},"7":{"start":{"line":16,"column":4},"end":{"line":19,"column":6}},"8":{"start":{"line":23,"column":30},"end":{"line":23,"column":53}},"9":{"start":{"line":24,"column":4},"end":{"line":24,"column":36}},"10":{"start":{"line":26,"column":19},"end":{"line":26,"column":48}},"11":{"start":{"line":27,"column":19},"end":{"line":27,"column":50}},"12":{"start":{"line":29,"column":4},"end":{"line":33,"column":5}},"13":{"start":{"line":30,"column":18},"end":{"line":30,"column":48}},"14":{"start":{"line":31,"column":6},"end":{"line":31,"column":26}},"15":{"start":{"line":32,"column":6},"end":{"line":32,"column":16}},"16":{"start":{"line":37,"column":4},"end":{"line":37,"column":58}},"17":{"start":{"line":41,"column":4},"end":{"line":41,"column":59}},"18":{"start":{"line":45,"column":39},"end":{"line":45,"column":46}},"19":{"start":{"line":46,"column":29},"end":{"line":49,"column":5}},"20":{"start":{"line":51,"column":4},"end":{"line":55,"column":10}},"21":{"start":{"line":54,"column":10},"end":{"line":54,"column":33}},"22":{"start":{"line":59,"column":16},"end":{"line":59,"column":54}},"23":{"start":{"line":60,"column":20},"end":{"line":70,"column":5}},"24":{"start":{"line":72,"column":4},"end":{"line":72,"column":39}},"25":{"start":{"line":73,"column":4},"end":{"line":73,"column":48}},"26":{"start":{"line":74,"column":4},"end":{"line":74,"column":34}},"27":{"start":{"line":75,"column":4},"end":{"line":75,"column":29}},"28":{"start":{"line":76,"column":4},"end":{"line":76,"column":13}},"29":{"start":{"line":80,"column":20},"end":{"line":80,"column":48}},"30":{"start":{"line":81,"column":17},"end":{"line":81,"column":58}},"31":{"start":{"line":83,"column":36},"end":{"line":86,"column":5}},"32":{"start":{"line":88,"column":19},"end":{"line":95,"column":5}},"33":{"start":{"line":97,"column":4},"end":{"line":101,"column":6}},"34":{"start":{"line":103,"column":4},"end":{"line":108,"column":23}},"35":{"start":{"line":112,"column":0},"end":{"line":112,"column":35}}},"fnMap":{"0":{"name":"(anonymous_0)","decl":{"start":{"line":13,"column":2},"end":{"line":13,"column":3}},"loc":{"start":{"line":13,"column":29},"end":{"line":20,"column":3}},"line":13},"1":{"name":"(anonymous_1)","decl":{"start":{"line":22,"column":2},"end":{"line":22,"column":3}},"loc":{"start":{"line":22,"column":55},"end":{"line":34,"column":3}},"line":22},"2":{"name":"(anonymous_2)","decl":{"start":{"line":36,"column":2},"end":{"line":36,"column":3}},"loc":{"start":{"line":36,"column":37},"end":{"line":38,"column":3}},"line":36},"3":{"name":"(anonymous_3)","decl":{"start":{"line":40,"column":2},"end":{"line":40,"column":3}},"loc":{"start":{"line":40,"column":33},"end":{"line":42,"column":3}},"line":40},"4":{"name":"(anonymous_4)","decl":{"start":{"line":44,"column":2},"end":{"line":44,"column":3}},"loc":{"start":{"line":44,"column":37},"end":{"line":56,"column":3}},"line":44},"5":{"name":"(anonymous_5)","decl":{"start":{"line":53,"column":32},"end":{"line":53,"column":33}},"loc":{"start":{"line":54,"column":10},"end":{"line":54,"column":33}},"line":54},"6":{"name":"(anonymous_6)","decl":{"start":{"line":58,"column":2},"end":{"line":58,"column":3}},"loc":{"start":{"line":58,"column":20},"end":{"line":77,"column":3}},"line":58},"7":{"name":"(anonymous_7)","decl":{"start":{"line":79,"column":2},"end":{"line":79,"column":3}},"loc":{"start":{"line":79,"column":32},"end":{"line":109,"column":3}},"line":79}},"branchMap":{"0":{"loc":{"start":{"line":29,"column":4},"end":{"line":33,"column":5}},"type":"if","locations":[{"start":{"line":29,"column":4},"end":{"line":33,"column":5}},{"start":{"line":29,"column":4},"end":{"line":33,"column":5}}],"line":29},"1":{"loc":{"start":{"line":44,"column":23},"end":{"line":44,"column":35}},"type":"default-arg","locations":[{"start":{"line":44,"column":33},"end":{"line":44,"column":35}}],"line":44},"2":{"loc":{"start":{"line":45,"column":12},"end":{"line":45,"column":24}},"type":"default-arg","locations":[{"start":{"line":45,"column":19},"end":{"line":45,"column":24}}],"line":45},"3":{"loc":{"start":{"line":45,"column":26},"end":{"line":45,"column":34}},"type":"default-arg","locations":[{"start":{"line":45,"column":32},"end":{"line":45,"column":34}}],"line":45},"4":{"loc":{"start":{"line":47,"column":20},"end":{"line":47,"column":43}},"type":"cond-expr","locations":[{"start":{"line":47,"column":27},"end":{"line":47,"column":33}},{"start":{"line":47,"column":36},"end":{"line":47,"column":43}}],"line":47},"5":{"loc":{"start":{"line":51,"column":11},"end":{"line":55,"column":9}},"type":"cond-expr","locations":[{"start":{"line":52,"column":8},"end":{"line":52,"column":24}},{"start":{"line":53,"column":8},"end":{"line":55,"column":9}}],"line":51},"6":{"loc":{"start":{"line":51,"column":11},"end":{"line":51,"column":45}},"type":"binary-expr","locations":[{"start":{"line":51,"column":11},"end":{"line":51,"column":30}},{"start":{"line":51,"column":34},"end":{"line":51,"column":45}}],"line":51}},"s":{"0":1,"1":1,"2":1,"3":1,"4":1,"5":1,"6":1,"7":1,"8":5,"9":5,"10":5,"11":5,"12":5,"13":0,"14":0,"15":0,"16":1,"17":1,"18":3,"19":3,"20":3,"21":7,"22":5,"23":5,"24":5,"25":5,"26":5,"27":5,"28":5,"29":5,"30":5,"31":5,"32":5,"33":5,"34":5,"35":1},"f":{"0":1,"1":5,"2":1,"3":1,"4":3,"5":7,"6":5,"7":5},"b":{"0":[0,5],"1":[1],"2":[2],"3":[2],"4":[1,2],"5":[2,1],"6":[3,3]},"_coverageSchema":"43e27e138ebf9cfc5966b082cf9a028302ed4184","hash":"03d2a7afd6b5e0340b57bf6ce16f5927d28ed93e"}
,"C:\\Users\\ibber\\Documents\\3merge\\purolator\\lib\\validate.js": {"path":"C:\\Users\\ibber\\Documents\\3merge\\purolator\\lib\\validate.js","statementMap":{"0":{"start":{"line":1,"column":24},"end":{"line":1,"column":41}},"1":{"start":{"line":2,"column":11},"end":{"line":2,"column":24}},"2":{"start":{"line":3,"column":12},"end":{"line":3,"column":33}},"3":{"start":{"line":4,"column":18},"end":{"line":4,"column":38}},"4":{"start":{"line":6,"column":17},"end":{"line":6,"column":46}},"5":{"start":{"line":7,"column":20},"end":{"line":7,"column":47}},"6":{"start":{"line":8,"column":21},"end":{"line":8,"column":74}},"7":{"start":{"line":10,"column":17},"end":{"line":10,"column":48}},"8":{"start":{"line":10,"column":28},"end":{"line":10,"column":47}},"9":{"start":{"line":11,"column":24},"end":{"line":11,"column":54}},"10":{"start":{"line":11,"column":31},"end":{"line":11,"column":54}},"11":{"start":{"line":12,"column":26},"end":{"line":12,"column":59}},"12":{"start":{"line":12,"column":33},"end":{"line":12,"column":59}},"13":{"start":{"line":13,"column":24},"end":{"line":14,"column":43}},"14":{"start":{"line":14,"column":2},"end":{"line":14,"column":43}},"15":{"start":{"line":16,"column":21},"end":{"line":31,"column":1}},"16":{"start":{"line":17,"column":10},"end":{"line":17,"column":27}},"17":{"start":{"line":18,"column":2},"end":{"line":19,"column":38}},"18":{"start":{"line":19,"column":4},"end":{"line":19,"column":38}},"19":{"start":{"line":21,"column":2},"end":{"line":30,"column":4}},"20":{"start":{"line":23,"column":6},"end":{"line":28,"column":8}},"21":{"start":{"line":33,"column":14},"end":{"line":56,"column":1}},"22":{"start":{"line":33,"column":46},"end":{"line":56,"column":1}},"23":{"start":{"line":36,"column":5},"end":{"line":56,"column":1}},"24":{"start":{"line":37,"column":18},"end":{"line":37,"column":59}},"25":{"start":{"line":38,"column":22},"end":{"line":38,"column":31}},"26":{"start":{"line":40,"column":2},"end":{"line":40,"column":39}},"27":{"start":{"line":40,"column":27},"end":{"line":40,"column":39}},"28":{"start":{"line":41,"column":2},"end":{"line":42,"column":51}},"29":{"start":{"line":42,"column":4},"end":{"line":42,"column":51}},"30":{"start":{"line":44,"column":2},"end":{"line":53,"column":6}},"31":{"start":{"line":51,"column":4},"end":{"line":53,"column":6}},"32":{"start":{"line":55,"column":2},"end":{"line":55,"column":14}},"33":{"start":{"line":58,"column":18},"end":{"line":61,"column":15}},"34":{"start":{"line":59,"column":2},"end":{"line":61,"column":15}},"35":{"start":{"line":63,"column":21},"end":{"line":64,"column":40}},"36":{"start":{"line":64,"column":2},"end":{"line":64,"column":40}},"37":{"start":{"line":64,"column":22},"end":{"line":64,"column":29}},"38":{"start":{"line":66,"column":23},"end":{"line":87,"column":1}},"39":{"start":{"line":86,"column":17},"end":{"line":86,"column":21}},"40":{"start":{"line":89,"column":0},"end":{"line":103,"column":2}},"41":{"start":{"line":90,"column":2},"end":{"line":102,"column":4}},"42":{"start":{"line":92,"column":23},"end":{"line":92,"column":41}},"43":{"start":{"line":94,"column":6},"end":{"line":95,"column":49}},"44":{"start":{"line":95,"column":8},"end":{"line":95,"column":49}},"45":{"start":{"line":97,"column":6},"end":{"line":99,"column":15}},"46":{"start":{"line":107,"column":4},"end":{"line":107,"column":46}},"47":{"start":{"line":108,"column":4},"end":{"line":108,"column":25}},"48":{"start":{"line":109,"column":4},"end":{"line":109,"column":21}},"49":{"start":{"line":113,"column":4},"end":{"line":113,"column":43}},"50":{"start":{"line":117,"column":4},"end":{"line":119,"column":23}},"51":{"start":{"line":118,"column":25},"end":{"line":118,"column":47}},"52":{"start":{"line":123,"column":4},"end":{"line":125,"column":23}},"53":{"start":{"line":124,"column":25},"end":{"line":124,"column":46}},"54":{"start":{"line":129,"column":4},"end":{"line":134,"column":6}},"55":{"start":{"line":130,"column":6},"end":{"line":133,"column":8}},"56":{"start":{"line":131,"column":8},"end":{"line":131,"column":29}},"57":{"start":{"line":131,"column":17},"end":{"line":131,"column":29}},"58":{"start":{"line":132,"column":8},"end":{"line":132,"column":24}},"59":{"start":{"line":138,"column":4},"end":{"line":144,"column":7}},"60":{"start":{"line":139,"column":6},"end":{"line":143,"column":8}},"61":{"start":{"line":148,"column":4},"end":{"line":158,"column":6}},"62":{"start":{"line":150,"column":8},"end":{"line":156,"column":31}},"63":{"start":{"line":162,"column":22},"end":{"line":184,"column":12}},"64":{"start":{"line":163,"column":6},"end":{"line":184,"column":12}},"65":{"start":{"line":164,"column":20},"end":{"line":166,"column":17}},"66":{"start":{"line":169,"column":10},"end":{"line":179,"column":15}},"67":{"start":{"line":181,"column":8},"end":{"line":183,"column":11}},"68":{"start":{"line":186,"column":4},"end":{"line":186,"column":31}},"69":{"start":{"line":190,"column":4},"end":{"line":197,"column":5}},"70":{"start":{"line":191,"column":17},"end":{"line":191,"column":36}},"71":{"start":{"line":192,"column":6},"end":{"line":192,"column":60}},"72":{"start":{"line":193,"column":6},"end":{"line":193,"column":27}},"73":{"start":{"line":194,"column":6},"end":{"line":194,"column":26}},"74":{"start":{"line":201,"column":17},"end":{"line":205,"column":5}},"75":{"start":{"line":203,"column":8},"end":{"line":204,"column":33}},"76":{"start":{"line":207,"column":16},"end":{"line":207,"column":48}},"77":{"start":{"line":208,"column":4},"end":{"line":208,"column":31}},"78":{"start":{"line":212,"column":32},"end":{"line":232,"column":12}},"79":{"start":{"line":213,"column":6},"end":{"line":232,"column":12}},"80":{"start":{"line":214,"column":25},"end":{"line":214,"column":44}},"81":{"start":{"line":215,"column":19},"end":{"line":215,"column":40}},"82":{"start":{"line":216,"column":21},"end":{"line":216,"column":41}},"83":{"start":{"line":218,"column":8},"end":{"line":229,"column":9}},"84":{"start":{"line":219,"column":10},"end":{"line":222,"column":12}},"85":{"start":{"line":224,"column":10},"end":{"line":228,"column":11}},"86":{"start":{"line":225,"column":12},"end":{"line":225,"column":21}},"87":{"start":{"line":227,"column":12},"end":{"line":227,"column":38}},"88":{"start":{"line":231,"column":8},"end":{"line":231,"column":19}},"89":{"start":{"line":234,"column":19},"end":{"line":234,"column":46}},"90":{"start":{"line":236,"column":4},"end":{"line":236,"column":18}},"91":{"start":{"line":240,"column":0},"end":{"line":240,"column":39}}},"fnMap":{"0":{"name":"(anonymous_0)","decl":{"start":{"line":10,"column":17},"end":{"line":10,"column":18}},"loc":{"start":{"line":10,"column":28},"end":{"line":10,"column":47}},"line":10},"1":{"name":"(anonymous_1)","decl":{"start":{"line":11,"column":24},"end":{"line":11,"column":25}},"loc":{"start":{"line":11,"column":31},"end":{"line":11,"column":54}},"line":11},"2":{"name":"(anonymous_2)","decl":{"start":{"line":12,"column":26},"end":{"line":12,"column":27}},"loc":{"start":{"line":12,"column":33},"end":{"line":12,"column":59}},"line":12},"3":{"name":"(anonymous_3)","decl":{"start":{"line":13,"column":24},"end":{"line":13,"column":25}},"loc":{"start":{"line":14,"column":2},"end":{"line":14,"column":43}},"line":14},"4":{"name":"(anonymous_4)","decl":{"start":{"line":16,"column":21},"end":{"line":16,"column":22}},"loc":{"start":{"line":16,"column":53},"end":{"line":31,"column":1}},"line":16},"5":{"name":"(anonymous_5)","decl":{"start":{"line":22,"column":4},"end":{"line":22,"column":5}},"loc":{"start":{"line":23,"column":6},"end":{"line":28,"column":8}},"line":23},"6":{"name":"(anonymous_6)","decl":{"start":{"line":33,"column":14},"end":{"line":33,"column":15}},"loc":{"start":{"line":33,"column":46},"end":{"line":56,"column":1}},"line":33},"7":{"name":"(anonymous_7)","decl":{"start":{"line":33,"column":46},"end":{"line":33,"column":47}},"loc":{"start":{"line":36,"column":5},"end":{"line":56,"column":1}},"line":36},"8":{"name":"(anonymous_8)","decl":{"start":{"line":36,"column":5},"end":{"line":36,"column":6}},"loc":{"start":{"line":36,"column":12},"end":{"line":56,"column":1}},"line":36},"9":{"name":"(anonymous_9)","decl":{"start":{"line":58,"column":18},"end":{"line":58,"column":19}},"loc":{"start":{"line":59,"column":2},"end":{"line":61,"column":15}},"line":59},"10":{"name":"(anonymous_10)","decl":{"start":{"line":63,"column":21},"end":{"line":63,"column":22}},"loc":{"start":{"line":64,"column":2},"end":{"line":64,"column":40}},"line":64},"11":{"name":"(anonymous_11)","decl":{"start":{"line":64,"column":8},"end":{"line":64,"column":9}},"loc":{"start":{"line":64,"column":22},"end":{"line":64,"column":29}},"line":64},"12":{"name":"(anonymous_12)","decl":{"start":{"line":86,"column":11},"end":{"line":86,"column":12}},"loc":{"start":{"line":86,"column":17},"end":{"line":86,"column":21}},"line":86},"13":{"name":"findXs","decl":{"start":{"line":89,"column":30},"end":{"line":89,"column":36}},"loc":{"start":{"line":89,"column":40},"end":{"line":103,"column":1}},"line":89},"14":{"name":"(anonymous_14)","decl":{"start":{"line":91,"column":4},"end":{"line":91,"column":5}},"loc":{"start":{"line":91,"column":20},"end":{"line":100,"column":5}},"line":91},"15":{"name":"(anonymous_15)","decl":{"start":{"line":106,"column":2},"end":{"line":106,"column":3}},"loc":{"start":{"line":106,"column":20},"end":{"line":110,"column":3}},"line":106},"16":{"name":"(anonymous_16)","decl":{"start":{"line":112,"column":2},"end":{"line":112,"column":3}},"loc":{"start":{"line":112,"column":18},"end":{"line":114,"column":3}},"line":112},"17":{"name":"(anonymous_17)","decl":{"start":{"line":116,"column":2},"end":{"line":116,"column":3}},"loc":{"start":{"line":116,"column":20},"end":{"line":120,"column":3}},"line":116},"18":{"name":"(anonymous_18)","decl":{"start":{"line":118,"column":15},"end":{"line":118,"column":16}},"loc":{"start":{"line":118,"column":25},"end":{"line":118,"column":47}},"line":118},"19":{"name":"(anonymous_19)","decl":{"start":{"line":122,"column":2},"end":{"line":122,"column":3}},"loc":{"start":{"line":122,"column":19},"end":{"line":126,"column":3}},"line":122},"20":{"name":"(anonymous_20)","decl":{"start":{"line":124,"column":15},"end":{"line":124,"column":16}},"loc":{"start":{"line":124,"column":25},"end":{"line":124,"column":46}},"line":124},"21":{"name":"(anonymous_21)","decl":{"start":{"line":128,"column":2},"end":{"line":128,"column":3}},"loc":{"start":{"line":128,"column":17},"end":{"line":135,"column":3}},"line":128},"22":{"name":"(anonymous_22)","decl":{"start":{"line":129,"column":23},"end":{"line":129,"column":24}},"loc":{"start":{"line":130,"column":6},"end":{"line":133,"column":8}},"line":130},"23":{"name":"(anonymous_23)","decl":{"start":{"line":130,"column":34},"end":{"line":130,"column":35}},"loc":{"start":{"line":130,"column":51},"end":{"line":133,"column":7}},"line":130},"24":{"name":"(anonymous_24)","decl":{"start":{"line":137,"column":2},"end":{"line":137,"column":3}},"loc":{"start":{"line":137,"column":18},"end":{"line":145,"column":3}},"line":137},"25":{"name":"(anonymous_25)","decl":{"start":{"line":138,"column":29},"end":{"line":138,"column":30}},"loc":{"start":{"line":138,"column":39},"end":{"line":144,"column":5}},"line":138},"26":{"name":"(anonymous_26)","decl":{"start":{"line":147,"column":2},"end":{"line":147,"column":3}},"loc":{"start":{"line":147,"column":17},"end":{"line":159,"column":3}},"line":147},"27":{"name":"(anonymous_27)","decl":{"start":{"line":149,"column":6},"end":{"line":149,"column":7}},"loc":{"start":{"line":149,"column":56},"end":{"line":157,"column":7}},"line":149},"28":{"name":"(anonymous_28)","decl":{"start":{"line":161,"column":2},"end":{"line":161,"column":3}},"loc":{"start":{"line":161,"column":22},"end":{"line":187,"column":3}},"line":161},"29":{"name":"(anonymous_29)","decl":{"start":{"line":162,"column":22},"end":{"line":162,"column":23}},"loc":{"start":{"line":163,"column":6},"end":{"line":184,"column":12}},"line":163},"30":{"name":"(anonymous_30)","decl":{"start":{"line":163,"column":31},"end":{"line":163,"column":32}},"loc":{"start":{"line":163,"column":55},"end":{"line":184,"column":7}},"line":163},"31":{"name":"(anonymous_31)","decl":{"start":{"line":189,"column":2},"end":{"line":189,"column":3}},"loc":{"start":{"line":189,"column":16},"end":{"line":198,"column":3}},"line":189},"32":{"name":"(anonymous_32)","decl":{"start":{"line":200,"column":2},"end":{"line":200,"column":3}},"loc":{"start":{"line":200,"column":12},"end":{"line":209,"column":3}},"line":200},"33":{"name":"(anonymous_33)","decl":{"start":{"line":202,"column":6},"end":{"line":202,"column":7}},"loc":{"start":{"line":203,"column":8},"end":{"line":204,"column":33}},"line":203},"34":{"name":"(anonymous_34)","decl":{"start":{"line":211,"column":2},"end":{"line":211,"column":3}},"loc":{"start":{"line":211,"column":33},"end":{"line":237,"column":3}},"line":211},"35":{"name":"(anonymous_35)","decl":{"start":{"line":212,"column":32},"end":{"line":212,"column":33}},"loc":{"start":{"line":213,"column":6},"end":{"line":232,"column":12}},"line":213},"36":{"name":"(anonymous_36)","decl":{"start":{"line":213,"column":31},"end":{"line":213,"column":32}},"loc":{"start":{"line":213,"column":54},"end":{"line":232,"column":7}},"line":213}},"branchMap":{"0":{"loc":{"start":{"line":10,"column":28},"end":{"line":10,"column":47}},"type":"cond-expr","locations":[{"start":{"line":10,"column":32},"end":{"line":10,"column":43}},{"start":{"line":10,"column":46},"end":{"line":10,"column":47}}],"line":10},"1":{"loc":{"start":{"line":14,"column":2},"end":{"line":14,"column":43}},"type":"cond-expr","locations":[{"start":{"line":14,"column":24},"end":{"line":14,"column":39}},{"start":{"line":14,"column":42},"end":{"line":14,"column":43}}],"line":14},"2":{"loc":{"start":{"line":18,"column":2},"end":{"line":19,"column":38}},"type":"if","locations":[{"start":{"line":18,"column":2},"end":{"line":19,"column":38}},{"start":{"line":18,"column":2},"end":{"line":19,"column":38}}],"line":18},"3":{"loc":{"start":{"line":18,"column":6},"end":{"line":18,"column":29}},"type":"binary-expr","locations":[{"start":{"line":18,"column":6},"end":{"line":18,"column":8}},{"start":{"line":18,"column":12},"end":{"line":18,"column":29}}],"line":18},"4":{"loc":{"start":{"line":25,"column":10},"end":{"line":27,"column":23}},"type":"cond-expr","locations":[{"start":{"line":26,"column":14},"end":{"line":26,"column":40}},{"start":{"line":27,"column":14},"end":{"line":27,"column":23}}],"line":25},"5":{"loc":{"start":{"line":37,"column":18},"end":{"line":37,"column":59}},"type":"binary-expr","locations":[{"start":{"line":37,"column":18},"end":{"line":37,"column":33}},{"start":{"line":37,"column":37},"end":{"line":37,"column":47}},{"start":{"line":37,"column":51},"end":{"line":37,"column":59}}],"line":37},"6":{"loc":{"start":{"line":40,"column":2},"end":{"line":40,"column":39}},"type":"if","locations":[{"start":{"line":40,"column":2},"end":{"line":40,"column":39}},{"start":{"line":40,"column":2},"end":{"line":40,"column":39}}],"line":40},"7":{"loc":{"start":{"line":40,"column":6},"end":{"line":40,"column":25}},"type":"binary-expr","locations":[{"start":{"line":40,"column":6},"end":{"line":40,"column":14}},{"start":{"line":40,"column":18},"end":{"line":40,"column":25}}],"line":40},"8":{"loc":{"start":{"line":41,"column":2},"end":{"line":42,"column":51}},"type":"if","locations":[{"start":{"line":41,"column":2},"end":{"line":42,"column":51}},{"start":{"line":41,"column":2},"end":{"line":42,"column":51}}],"line":41},"9":{"loc":{"start":{"line":41,"column":6},"end":{"line":41,"column":26}},"type":"binary-expr","locations":[{"start":{"line":41,"column":6},"end":{"line":41,"column":15}},{"start":{"line":41,"column":19},"end":{"line":41,"column":26}}],"line":41},"10":{"loc":{"start":{"line":44,"column":2},"end":{"line":53,"column":6}},"type":"if","locations":[{"start":{"line":44,"column":2},"end":{"line":53,"column":6}},{"start":{"line":44,"column":2},"end":{"line":53,"column":6}}],"line":44},"11":{"loc":{"start":{"line":45,"column":4},"end":{"line":49,"column":5}},"type":"binary-expr","locations":[{"start":{"line":45,"column":4},"end":{"line":45,"column":34}},{"start":{"line":46,"column":4},"end":{"line":49,"column":5}}],"line":45},"12":{"loc":{"start":{"line":48,"column":6},"end":{"line":48,"column":31}},"type":"binary-expr","locations":[{"start":{"line":48,"column":6},"end":{"line":48,"column":20}},{"start":{"line":48,"column":24},"end":{"line":48,"column":31}}],"line":48},"13":{"loc":{"start":{"line":94,"column":6},"end":{"line":95,"column":49}},"type":"if","locations":[{"start":{"line":94,"column":6},"end":{"line":95,"column":49}},{"start":{"line":94,"column":6},"end":{"line":95,"column":49}}],"line":94},"14":{"loc":{"start":{"line":97,"column":13},"end":{"line":99,"column":14}},"type":"cond-expr","locations":[{"start":{"line":98,"column":10},"end":{"line":98,"column":36}},{"start":{"line":99,"column":10},"end":{"line":99,"column":14}}],"line":97},"15":{"loc":{"start":{"line":131,"column":8},"end":{"line":131,"column":29}},"type":"if","locations":[{"start":{"line":131,"column":8},"end":{"line":131,"column":29}},{"start":{"line":131,"column":8},"end":{"line":131,"column":29}}],"line":131},"16":{"loc":{"start":{"line":150,"column":46},"end":{"line":156,"column":30}},"type":"cond-expr","locations":[{"start":{"line":153,"column":12},"end":{"line":155,"column":16}},{"start":{"line":156,"column":12},"end":{"line":156,"column":30}}],"line":150},"17":{"loc":{"start":{"line":164,"column":20},"end":{"line":166,"column":17}},"type":"cond-expr","locations":[{"start":{"line":165,"column":12},"end":{"line":165,"column":53}},{"start":{"line":166,"column":12},"end":{"line":166,"column":17}}],"line":164},"18":{"loc":{"start":{"line":169,"column":10},"end":{"line":179,"column":15}},"type":"cond-expr","locations":[{"start":{"line":170,"column":14},"end":{"line":174,"column":15}},{"start":{"line":175,"column":14},"end":{"line":179,"column":15}}],"line":169},"19":{"loc":{"start":{"line":172,"column":16},"end":{"line":173,"column":40}},"type":"binary-expr","locations":[{"start":{"line":172,"column":16},"end":{"line":172,"column":38}},{"start":{"line":173,"column":18},"end":{"line":173,"column":40}}],"line":172},"20":{"loc":{"start":{"line":176,"column":16},"end":{"line":178,"column":23}},"type":"cond-expr","locations":[{"start":{"line":177,"column":20},"end":{"line":177,"column":42}},{"start":{"line":178,"column":20},"end":{"line":178,"column":23}}],"line":176},"21":{"loc":{"start":{"line":211,"column":21},"end":{"line":211,"column":31}},"type":"default-arg","locations":[{"start":{"line":211,"column":29},"end":{"line":211,"column":31}}],"line":211},"22":{"loc":{"start":{"line":218,"column":8},"end":{"line":229,"column":9}},"type":"if","locations":[{"start":{"line":218,"column":8},"end":{"line":229,"column":9}},{"start":{"line":218,"column":8},"end":{"line":229,"column":9}}],"line":218}},"s":{"0":2,"1":2,"2":2,"3":2,"4":2,"5":2,"6":2,"7":2,"8":436,"9":2,"10":7901,"11":2,"12":109,"13":2,"14":632,"15":2,"16":288,"17":288,"18":247,"19":288,"20":878,"21":2,"22":38,"23":383,"24":329,"25":329,"26":329,"27":262,"28":67,"29":3,"30":64,"31":0,"32":64,"33":2,"34":63,"35":2,"36":40,"37":103,"38":2,"39":19,"40":2,"41":342,"42":7182,"43":7182,"44":63,"45":7119,"46":6,"47":6,"48":6,"49":7,"50":12,"51":48,"52":6,"53":24,"54":6,"55":6,"56":6,"57":0,"58":6,"59":6,"60":282,"61":6,"62":58,"63":6,"64":93,"65":429,"66":429,"67":429,"68":6,"69":6,"70":6,"71":6,"72":6,"73":6,"74":6,"75":87,"76":6,"77":6,"78":7,"79":95,"80":436,"81":436,"82":436,"83":436,"84":88,"85":348,"86":348,"87":3,"88":436,"89":7,"90":7,"91":2},"f":{"0":436,"1":7901,"2":109,"3":632,"4":288,"5":878,"6":38,"7":383,"8":329,"9":63,"10":40,"11":103,"12":19,"13":342,"14":7182,"15":6,"16":7,"17":12,"18":48,"19":6,"20":24,"21":6,"22":6,"23":6,"24":6,"25":282,"26":6,"27":58,"28":6,"29":93,"30":429,"31":6,"32":6,"33":87,"34":7,"35":95,"36":436},"b":{"0":[417,19],"1":[529,103],"2":[247,41],"3":[288,41],"4":[375,503],"5":[329,64,64],"6":[262,67],"7":[329,272],"8":[3,64],"9":[67,57],"10":[0,64],"11":[64,64],"12":[64,8],"13":[63,7119],"14":[320,6799],"15":[0,6],"16":[40,18],"17":[109,320],"18":[87,342],"19":[87,39],"20":[257,85],"21":[0],"22":[88,348]},"_coverageSchema":"43e27e138ebf9cfc5966b082cf9a028302ed4184","hash":"b1910b3604f95c50e1c85cceeb87967dddca1fa0"}
}
