TN:
SF:C:\Users\ibber\Documents\3merge\purolator\lib\config.js
FN:28,(anonymous_0)
FNF:1
FNH:1
FNDA:6,(anonymous_0)
DA:1,2
DA:3,2
DA:5,2
DA:28,2
DA:29,6
LF:5
LH:5
BRDA:31,0,0,0
BRDA:31,0,1,6
BRF:2
BRH:1
end_of_record
TN:
SF:C:\Users\ibber\Documents\3merge\purolator\lib\helpers.js
FN:3,(anonymous_0)
FN:5,(anonymous_1)
FN:8,(anonymous_2)
FN:10,(anonymous_3)
FN:17,(anonymous_4)
FN:17,(anonymous_5)
FN:30,(anonymous_6)
FN:31,(anonymous_7)
FN:33,(anonymous_8)
FN:46,(anonymous_9)
FN:51,(anonymous_10)
FN:51,(anonymous_11)
FNF:12
FNH:12
FNDA:25,(anonymous_0)
FNDA:17,(anonymous_1)
FNDA:2,(anonymous_2)
FNDA:8,(anonymous_3)
FNDA:7,(anonymous_4)
FNDA:7,(anonymous_5)
FNDA:11,(anonymous_6)
FNDA:36,(anonymous_7)
FNDA:108,(anonymous_8)
FNDA:2,(anonymous_9)
FNDA:5,(anonymous_10)
FNDA:5,(anonymous_11)
DA:1,2
DA:3,25
DA:5,2
DA:6,17
DA:8,2
DA:9,2
DA:11,8
DA:17,7
DA:18,7
DA:22,1
DA:26,6
DA:27,6
DA:30,2
DA:31,11
DA:32,36
DA:34,108
DA:43,11
DA:46,2
DA:47,2
DA:51,5
DA:52,5
DA:59,0
DA:61,5
LF:23
LH:22
BRDA:3,0,0,25
BRDA:3,0,1,25
BRDA:6,1,0,17
BRDA:6,1,1,17
BRDA:11,2,0,2
BRDA:11,2,1,6
BRDA:11,3,0,8
BRDA:11,3,1,8
BRDA:18,4,0,1
BRDA:18,4,1,6
BRDA:19,5,0,7
BRDA:19,5,1,6
BRDA:30,6,0,0
BRDA:30,7,0,0
BRDA:36,8,0,25
BRDA:36,8,1,83
BRDA:52,9,0,0
BRDA:52,9,1,5
BRDA:55,10,0,5
BRDA:55,10,1,5
BRF:20
BRH:17
end_of_record
TN:
SF:C:\Users\ibber\Documents\3merge\purolator\lib\index.js
FN:13,(anonymous_0)
FN:22,(anonymous_1)
FN:36,(anonymous_2)
FN:40,(anonymous_3)
FN:44,(anonymous_4)
FN:53,(anonymous_5)
FN:58,(anonymous_6)
FN:79,(anonymous_7)
FNF:8
FNH:8
FNDA:1,(anonymous_0)
FNDA:5,(anonymous_1)
FNDA:1,(anonymous_2)
FNDA:1,(anonymous_3)
FNDA:3,(anonymous_4)
FNDA:7,(anonymous_5)
FNDA:5,(anonymous_6)
FNDA:5,(anonymous_7)
DA:1,1
DA:2,1
DA:3,1
DA:9,1
DA:10,1
DA:14,1
DA:15,1
DA:16,1
DA:23,5
DA:24,5
DA:26,5
DA:27,5
DA:29,5
DA:30,0
DA:31,0
DA:32,0
DA:37,1
DA:41,1
DA:45,3
DA:46,3
DA:51,3
DA:54,7
DA:59,5
DA:60,5
DA:72,5
DA:73,5
DA:74,5
DA:75,5
DA:76,5
DA:80,5
DA:81,5
DA:83,5
DA:88,5
DA:97,5
DA:103,5
DA:112,1
LF:36
LH:33
BRDA:29,0,0,0
BRDA:29,0,1,5
BRDA:44,1,0,1
BRDA:45,2,0,2
BRDA:45,3,0,2
BRDA:47,4,0,1
BRDA:47,4,1,2
BRDA:51,5,0,2
BRDA:51,5,1,1
BRDA:51,6,0,3
BRDA:51,6,1,3
BRF:11
BRH:10
end_of_record
TN:
SF:C:\Users\ibber\Documents\3merge\purolator\lib\validate.js
FN:10,(anonymous_0)
FN:11,(anonymous_1)
FN:12,(anonymous_2)
FN:13,(anonymous_3)
FN:16,(anonymous_4)
FN:22,(anonymous_5)
FN:33,(anonymous_6)
FN:33,(anonymous_7)
FN:36,(anonymous_8)
FN:58,(anonymous_9)
FN:63,(anonymous_10)
FN:64,(anonymous_11)
FN:86,(anonymous_12)
FN:89,findXs
FN:91,(anonymous_14)
FN:106,(anonymous_15)
FN:112,(anonymous_16)
FN:116,(anonymous_17)
FN:118,(anonymous_18)
FN:122,(anonymous_19)
FN:124,(anonymous_20)
FN:128,(anonymous_21)
FN:129,(anonymous_22)
FN:130,(anonymous_23)
FN:137,(anonymous_24)
FN:138,(anonymous_25)
FN:147,(anonymous_26)
FN:149,(anonymous_27)
FN:161,(anonymous_28)
FN:162,(anonymous_29)
FN:163,(anonymous_30)
FN:189,(anonymous_31)
FN:200,(anonymous_32)
FN:202,(anonymous_33)
FN:211,(anonymous_34)
FN:212,(anonymous_35)
FN:213,(anonymous_36)
FNF:37
FNH:37
FNDA:436,(anonymous_0)
FNDA:7901,(anonymous_1)
FNDA:109,(anonymous_2)
FNDA:632,(anonymous_3)
FNDA:288,(anonymous_4)
FNDA:878,(anonymous_5)
FNDA:38,(anonymous_6)
FNDA:383,(anonymous_7)
FNDA:329,(anonymous_8)
FNDA:63,(anonymous_9)
FNDA:40,(anonymous_10)
FNDA:103,(anonymous_11)
FNDA:19,(anonymous_12)
FNDA:342,findXs
FNDA:7182,(anonymous_14)
FNDA:6,(anonymous_15)
FNDA:7,(anonymous_16)
FNDA:12,(anonymous_17)
FNDA:48,(anonymous_18)
FNDA:6,(anonymous_19)
FNDA:24,(anonymous_20)
FNDA:6,(anonymous_21)
FNDA:6,(anonymous_22)
FNDA:6,(anonymous_23)
FNDA:6,(anonymous_24)
FNDA:282,(anonymous_25)
FNDA:6,(anonymous_26)
FNDA:58,(anonymous_27)
FNDA:6,(anonymous_28)
FNDA:93,(anonymous_29)
FNDA:429,(anonymous_30)
FNDA:6,(anonymous_31)
FNDA:6,(anonymous_32)
FNDA:87,(anonymous_33)
FNDA:7,(anonymous_34)
FNDA:95,(anonymous_35)
FNDA:436,(anonymous_36)
DA:1,2
DA:2,2
DA:3,2
DA:4,2
DA:6,2
DA:7,2
DA:8,2
DA:10,436
DA:11,7901
DA:12,109
DA:13,2
DA:14,632
DA:16,2
DA:17,288
DA:18,288
DA:19,247
DA:21,288
DA:23,878
DA:33,38
DA:36,383
DA:37,329
DA:38,329
DA:40,329
DA:41,67
DA:42,3
DA:44,64
DA:51,0
DA:55,64
DA:58,2
DA:59,63
DA:63,2
DA:64,103
DA:66,2
DA:86,19
DA:89,2
DA:90,342
DA:92,7182
DA:94,7182
DA:95,63
DA:97,7119
DA:107,6
DA:108,6
DA:109,6
DA:113,7
DA:117,12
DA:118,48
DA:123,6
DA:124,24
DA:129,6
DA:130,6
DA:131,6
DA:132,6
DA:138,6
DA:139,282
DA:148,6
DA:150,58
DA:162,6
DA:163,93
DA:164,429
DA:169,429
DA:181,429
DA:186,6
DA:190,6
DA:191,6
DA:192,6
DA:193,6
DA:194,6
DA:201,6
DA:203,87
DA:207,6
DA:208,6
DA:212,7
DA:213,95
DA:214,436
DA:215,436
DA:216,436
DA:218,436
DA:219,88
DA:224,348
DA:225,348
DA:227,3
DA:231,436
DA:234,7
DA:236,7
DA:240,2
LF:85
LH:84
BRDA:10,0,0,417
BRDA:10,0,1,19
BRDA:14,1,0,529
BRDA:14,1,1,103
BRDA:18,2,0,247
BRDA:18,2,1,41
BRDA:18,3,0,288
BRDA:18,3,1,41
BRDA:25,4,0,375
BRDA:25,4,1,503
BRDA:37,5,0,329
BRDA:37,5,1,64
BRDA:37,5,2,64
BRDA:40,6,0,262
BRDA:40,6,1,67
BRDA:40,7,0,329
BRDA:40,7,1,272
BRDA:41,8,0,3
BRDA:41,8,1,64
BRDA:41,9,0,67
BRDA:41,9,1,57
BRDA:44,10,0,0
BRDA:44,10,1,64
BRDA:45,11,0,64
BRDA:45,11,1,64
BRDA:48,12,0,64
BRDA:48,12,1,8
BRDA:94,13,0,63
BRDA:94,13,1,7119
BRDA:97,14,0,320
BRDA:97,14,1,6799
BRDA:131,15,0,0
BRDA:131,15,1,6
BRDA:150,16,0,40
BRDA:150,16,1,18
BRDA:164,17,0,109
BRDA:164,17,1,320
BRDA:169,18,0,87
BRDA:169,18,1,342
BRDA:172,19,0,87
BRDA:172,19,1,39
BRDA:176,20,0,257
BRDA:176,20,1,85
BRDA:211,21,0,0
BRDA:218,22,0,88
BRDA:218,22,1,348
BRF:46
BRH:43
end_of_record
